start~~~~~~~~~~~~~~~~~~~~~~~~

|rclcpp|single_threaded_executor.cpp|[spin]->[get_next_executable]|Pt-1 => start-timestamp: 1658654606440012705

|rclcpp|single_threaded_executor.cpp|[spin]->[get_next_executable]|Pt-1 => end-timestamp: 1658654606440570316

|rclcpp|single_threaded_executor.cpp|[spin]->[execute_any_executable]|Pt-2 => start-timestamp: 1658654606440575876

|rclcpp|executor.cpp|[execute_any_executable]->[any_exec.waitable->execute]|Pt-3 => start-timestamp: 1658654606440578447

|rclcpp|executor.cpp|[execute_any_executable]->[any_exec.waitable->execute]|Pt-3 => start-timestamp: 1658654606440681262

|rclcpp|single_threaded_executor.cpp|[spin]->[execute_any_executable]|Pt-2 => end-timestamp: 1658654606440685446

|rclcpp|single_threaded_executor.cpp|[spin]->[get_next_executable]|Pt-1 => start-timestamp: 1658654606440698603

|rclcpp|single_threaded_executor.cpp|[spin]->[get_next_executable]|Pt-1 => end-timestamp: 1658654606440713728

|rclcpp|single_threaded_executor.cpp|[spin]->[execute_any_executable]|Pt-2 => start-timestamp: 1658654606440716018

|rclcpp|executor.cpp|[execute_any_executable]->[any_exec.waitable->execute]|Pt-3 => start-timestamp: 1658654606440717689

|rclcpp|executor.cpp|[execute_any_executable]->[any_exec.waitable->execute]|Pt-3 => start-timestamp: 1658654606440730101

|rclcpp|single_threaded_executor.cpp|[spin]->[execute_any_executable]|Pt-2 => end-timestamp: 1658654606440732777

|rclcpp|single_threaded_executor.cpp|[spin]->[get_next_executable]|Pt-1 => start-timestamp: 1658654606440736220

|rclcpp|single_threaded_executor.cpp|[spin]->[get_next_executable]|Pt-1 => end-timestamp: 1658654606440801038

|rclcpp|single_threaded_executor.cpp|[spin]->[execute_any_executable]|Pt-2 => start-timestamp: 1658654606440805424

|rclcpp|executor.cpp|[execute_any_executable]->[any_exec.waitable->execute]|Pt-3 => start-timestamp: 1658654606440807110

|rclcpp|executor.cpp|[execute_any_executable]->[any_exec.waitable->execute]|Pt-3 => start-timestamp: 1658654606440821205

|rclcpp|single_threaded_executor.cpp|[spin]->[execute_any_executable]|Pt-2 => end-timestamp: 1658654606440824310

|rclcpp|single_threaded_executor.cpp|[spin]->[get_next_executable]|Pt-1 => start-timestamp: 1658654606440831530

|rclcpp|single_threaded_executor.cpp|[spin]->[get_next_executable]|Pt-1 => end-timestamp: 1658654606440842823

|rclcpp|single_threaded_executor.cpp|[spin]->[execute_any_executable]|Pt-2 => start-timestamp: 1658654606440845781

|rclcpp|executor.cpp|[execute_any_executable]->[any_exec.waitable->execute]|Pt-3 => start-timestamp: 1658654606440847758

|rclcpp|executor.cpp|[execute_any_executable]->[any_exec.waitable->execute]|Pt-3 => start-timestamp: 1658654606440857597

|rclcpp|single_threaded_executor.cpp|[spin]->[execute_any_executable]|Pt-2 => end-timestamp: 1658654606440860175

|rclcpp|single_threaded_executor.cpp|[spin]->[get_next_executable]|Pt-1 => start-timestamp: 1658654606440863232

|rclcpp|single_threaded_executor.cpp|[spin]->[get_next_executable]|Pt-1 => end-timestamp: 1658654606440923373

|rclcpp|single_threaded_executor.cpp|[spin]->[execute_any_executable]|Pt-2 => start-timestamp: 1658654606440927564

|rclcpp|executor.cpp|[execute_any_executable]->[any_exec.waitable->execute]|Pt-3 => start-timestamp: 1658654606440929222

|rclcpp|executor.cpp|[execute_any_executable]->[any_exec.waitable->execute]|Pt-3 => start-timestamp: 1658654606440943170

|rclcpp|single_threaded_executor.cpp|[spin]->[execute_any_executable]|Pt-2 => end-timestamp: 1658654606440946255

|rclcpp|single_threaded_executor.cpp|[spin]->[get_next_executable]|Pt-1 => start-timestamp: 1658654606440952282

|rclcpp|single_threaded_executor.cpp|[spin]->[get_next_executable]|Pt-1 => end-timestamp: 1658654606440963792

|rclcpp|single_threaded_executor.cpp|[spin]->[execute_any_executable]|Pt-2 => start-timestamp: 1658654606440966011

|rclcpp|executor.cpp|[execute_any_executable]->[any_exec.waitable->execute]|Pt-3 => start-timestamp: 1658654606440967473

|rclcpp|executor.cpp|[execute_any_executable]->[any_exec.waitable->execute]|Pt-3 => start-timestamp: 1658654606440985045

|rclcpp|single_threaded_executor.cpp|[spin]->[execute_any_executable]|Pt-2 => end-timestamp: 1658654606440995966

|rclcpp|single_threaded_executor.cpp|[spin]->[get_next_executable]|Pt-1 => start-timestamp: 1658654606441000250

|rclcpp|single_threaded_executor.cpp|[spin]->[get_next_executable]|Pt-1 => end-timestamp: 1658654606441063797

|rclcpp|single_threaded_executor.cpp|[spin]->[execute_any_executable]|Pt-2 => start-timestamp: 1658654606441067928

|rclcpp|executor.cpp|[execute_any_executable]->[any_exec.waitable->execute]|Pt-3 => start-timestamp: 1658654606441069610

|rclcpp|executor.cpp|[execute_any_executable]->[any_exec.waitable->execute]|Pt-3 => start-timestamp: 1658654606441083920

|rclcpp|single_threaded_executor.cpp|[spin]->[execute_any_executable]|Pt-2 => end-timestamp: 1658654606441086951

|rclcpp|single_threaded_executor.cpp|[spin]->[get_next_executable]|Pt-1 => start-timestamp: 1658654606441093108

|rclcpp|single_threaded_executor.cpp|[spin]->[get_next_executable]|Pt-1 => end-timestamp: 1658654606441104634

|rclcpp|single_threaded_executor.cpp|[spin]->[execute_any_executable]|Pt-2 => start-timestamp: 1658654606441106890

|rclcpp|executor.cpp|[execute_any_executable]->[any_exec.waitable->execute]|Pt-3 => start-timestamp: 1658654606441108383

|rclcpp|executor.cpp|[execute_any_executable]->[any_exec.waitable->execute]|Pt-3 => start-timestamp: 1658654606441118494

|rclcpp|single_threaded_executor.cpp|[spin]->[execute_any_executable]|Pt-2 => end-timestamp: 1658654606441121218

|rclcpp|single_threaded_executor.cpp|[spin]->[get_next_executable]|Pt-1 => start-timestamp: 1658654606441124340

|rclcpp|single_threaded_executor.cpp|[spin]->[get_next_executable]|Pt-1 => end-timestamp: 1658654606441184585

|rclcpp|single_threaded_executor.cpp|[spin]->[execute_any_executable]|Pt-2 => start-timestamp: 1658654606441188806

|rclcpp|executor.cpp|[execute_any_executable]->[any_exec.waitable->execute]|Pt-3 => start-timestamp: 1658654606441190469

|rclcpp|executor.cpp|[execute_any_executable]->[any_exec.waitable->execute]|Pt-3 => start-timestamp: 1658654606441196247

|rclcpp|single_threaded_executor.cpp|[spin]->[execute_any_executable]|Pt-2 => end-timestamp: 1658654606441198705

|rclcpp|single_threaded_executor.cpp|[spin]->[get_next_executable]|Pt-1 => start-timestamp: 1658654606441204562

|rclcpp|single_threaded_executor.cpp|[spin]->[get_next_executable]|Pt-1 => end-timestamp: 1658654606441261186

|rclcpp|single_threaded_executor.cpp|[spin]->[execute_any_executable]|Pt-2 => start-timestamp: 1658654606441265322

|rclcpp|executor.cpp|[execute_any_executable]->[any_exec.waitable->execute]|Pt-3 => start-timestamp: 1658654606441266982

|rclcpp|executor.cpp|[execute_any_executable]->[any_exec.waitable->execute]|Pt-3 => start-timestamp: 1658654606441272685

|rclcpp|single_threaded_executor.cpp|[spin]->[execute_any_executable]|Pt-2 => end-timestamp: 1658654606441275132

|rclcpp|single_threaded_executor.cpp|[spin]->[get_next_executable]|Pt-1 => start-timestamp: 1658654606441280903

|rclcpp|single_threaded_executor.cpp|[spin]->[get_next_executable]|Pt-1 => end-timestamp: 1658654606441336514

|rclcpp|single_threaded_executor.cpp|[spin]->[execute_any_executable]|Pt-2 => start-timestamp: 1658654606441340641

|rclcpp|executor.cpp|[execute_any_executable]->[any_exec.waitable->execute]|Pt-3 => start-timestamp: 1658654606441342302

|rclcpp|executor.cpp|[execute_any_executable]->[any_exec.waitable->execute]|Pt-3 => start-timestamp: 1658654606441347976

|rclcpp|single_threaded_executor.cpp|[spin]->[execute_any_executable]|Pt-2 => end-timestamp: 1658654606441350377

|rclcpp|single_threaded_executor.cpp|[spin]->[get_next_executable]|Pt-1 => start-timestamp: 1658654606441356137

|rclcpp|single_threaded_executor.cpp|[spin]->[get_next_executable]|Pt-1 => end-timestamp: 1658654606441412088

|rclcpp|single_threaded_executor.cpp|[spin]->[execute_any_executable]|Pt-2 => start-timestamp: 1658654606441416268

|rclcpp|executor.cpp|[execute_any_executable]->[any_exec.waitable->execute]|Pt-3 => start-timestamp: 1658654606441417914

|rclcpp|executor.cpp|[execute_any_executable]->[any_exec.waitable->execute]|Pt-3 => start-timestamp: 1658654606441423503

|rclcpp|single_threaded_executor.cpp|[spin]->[execute_any_executable]|Pt-2 => end-timestamp: 1658654606441429516

|rclcpp|single_threaded_executor.cpp|[spin]->[get_next_executable]|Pt-1 => start-timestamp: 1658654606441435714

|rclcpp|single_threaded_executor.cpp|[spin]->[get_next_executable]|Pt-1 => end-timestamp: 1658654606441492951

|rclcpp|single_threaded_executor.cpp|[spin]->[execute_any_executable]|Pt-2 => start-timestamp: 1658654606441497046

|rclcpp|executor.cpp|[execute_any_executable]->[any_exec.waitable->execute]|Pt-3 => start-timestamp: 1658654606441498781

|rclcpp|executor.cpp|[execute_any_executable]->[any_exec.waitable->execute]|Pt-3 => start-timestamp: 1658654606441504503

|rclcpp|single_threaded_executor.cpp|[spin]->[execute_any_executable]|Pt-2 => end-timestamp: 1658654606441506991

|rclcpp|single_threaded_executor.cpp|[spin]->[get_next_executable]|Pt-1 => start-timestamp: 1658654606441512695

|rclcpp|single_threaded_executor.cpp|[spin]->[get_next_executable]|Pt-1 => end-timestamp: 1658654606441559842

|rclcpp|single_threaded_executor.cpp|[spin]->[get_next_executable]|Pt-1 => start-timestamp: 1658654606441564672

|rclcpp|single_threaded_executor.cpp|[spin]->[get_next_executable]|Pt-1 => end-timestamp: 1658654606935859274

|rclcpp|single_threaded_executor.cpp|[spin]->[execute_any_executable]|Pt-2 => start-timestamp: 1658654606935912037

|rclcpp|executor.cpp|[execute_any_executable]->[execute_timer]|Pt-1 => start-timestamp: 1658654606935920763

pb1_THREAD -1426590848 => Publishing '0' at 1658654606935942647

|rclcpp|executor.cpp|[execute_any_executable]->[execute_timer]|Pt-1 => end-timestamp: 1658654606936009305

|rclcpp|single_threaded_executor.cpp|[spin]->[execute_any_executable]|Pt-2 => end-timestamp: 1658654606936024454

|rclcpp|single_threaded_executor.cpp|[spin]->[get_next_executable]|Pt-1 => start-timestamp: 1658654606936045294

|rclcpp|single_threaded_executor.cpp|[spin]->[get_next_executable]|Pt-1 => end-timestamp: 1658654606936474108

|rclcpp|single_threaded_executor.cpp|[spin]->[execute_any_executable]|Pt-2 => start-timestamp: 1658654606936498817

|rclcpp|executor.cpp|[execute_any_executable]->[any_exec.waitable->execute]|Pt-3 => start-timestamp: 1658654606936506986

sb0_THREAD -1426590848 => Heard '0' at 1658654606936524316

|rclcpp|executor.cpp|[execute_any_executable]->[any_exec.waitable->execute]|Pt-3 => start-timestamp: 1658654606936536548

|rclcpp|single_threaded_executor.cpp|[spin]->[execute_any_executable]|Pt-2 => end-timestamp: 1658654606936548360

|rclcpp|single_threaded_executor.cpp|[spin]->[get_next_executable]|Pt-1 => start-timestamp: 1658654606936565171

|rclcpp|single_threaded_executor.cpp|[spin]->[get_next_executable]|Pt-1 => end-timestamp: 1658654606936807240

|rclcpp|single_threaded_executor.cpp|[spin]->[get_next_executable]|Pt-1 => start-timestamp: 1658654606936834058

|rclcpp|single_threaded_executor.cpp|[spin]->[get_next_executable]|Pt-1 => end-timestamp: 1658654607435508322

|rclcpp|single_threaded_executor.cpp|[spin]->[execute_any_executable]|Pt-2 => start-timestamp: 1658654607435559749

|rclcpp|executor.cpp|[execute_any_executable]->[execute_timer]|Pt-1 => start-timestamp: 1658654607435568600

pb1_THREAD -1426590848 => Publishing '1' at 1658654607435588881

|rclcpp|executor.cpp|[execute_any_executable]->[execute_timer]|Pt-1 => end-timestamp: 1658654607435657673

|rclcpp|single_threaded_executor.cpp|[spin]->[execute_any_executable]|Pt-2 => end-timestamp: 1658654607435672879

|rclcpp|single_threaded_executor.cpp|[spin]->[get_next_executable]|Pt-1 => start-timestamp: 1658654607435694714

|rclcpp|single_threaded_executor.cpp|[spin]->[get_next_executable]|Pt-1 => end-timestamp: 1658654607436095883

|rclcpp|single_threaded_executor.cpp|[spin]->[execute_any_executable]|Pt-2 => start-timestamp: 1658654607436121410

|rclcpp|executor.cpp|[execute_any_executable]->[any_exec.waitable->execute]|Pt-3 => start-timestamp: 1658654607436129333

sb0_THREAD -1426590848 => Heard '1' at 1658654607436146529

|rclcpp|executor.cpp|[execute_any_executable]->[any_exec.waitable->execute]|Pt-3 => start-timestamp: 1658654607436188954

|rclcpp|single_threaded_executor.cpp|[spin]->[execute_any_executable]|Pt-2 => end-timestamp: 1658654607436201568

|rclcpp|single_threaded_executor.cpp|[spin]->[get_next_executable]|Pt-1 => start-timestamp: 1658654607436218704

|rclcpp|single_threaded_executor.cpp|[spin]->[get_next_executable]|Pt-1 => end-timestamp: 1658654607436471233

|rclcpp|single_threaded_executor.cpp|[spin]->[get_next_executable]|Pt-1 => start-timestamp: 1658654607436497638

|rclcpp|single_threaded_executor.cpp|[spin]->[get_next_executable]|Pt-1 => end-timestamp: 1658654607935428398

|rclcpp|single_threaded_executor.cpp|[spin]->[execute_any_executable]|Pt-2 => start-timestamp: 1658654607935479251

|rclcpp|executor.cpp|[execute_any_executable]->[execute_timer]|Pt-1 => start-timestamp: 1658654607935487775

pb1_THREAD -1426590848 => Publishing '2' at 1658654607935507029

|rclcpp|executor.cpp|[execute_any_executable]->[execute_timer]|Pt-1 => end-timestamp: 1658654607935569157

|rclcpp|single_threaded_executor.cpp|[spin]->[execute_any_executable]|Pt-2 => end-timestamp: 1658654607935583642

|rclcpp|single_threaded_executor.cpp|[spin]->[get_next_executable]|Pt-1 => start-timestamp: 1658654607935603773

|rclcpp|single_threaded_executor.cpp|[spin]->[get_next_executable]|Pt-1 => end-timestamp: 1658654607935982549

|rclcpp|single_threaded_executor.cpp|[spin]->[execute_any_executable]|Pt-2 => start-timestamp: 1658654607936003705

|rclcpp|executor.cpp|[execute_any_executable]->[any_exec.waitable->execute]|Pt-3 => start-timestamp: 1658654607936012097

sb0_THREAD -1426590848 => Heard '2' at 1658654607936028460

|rclcpp|executor.cpp|[execute_any_executable]->[any_exec.waitable->execute]|Pt-3 => start-timestamp: 1658654607936039969

|rclcpp|single_threaded_executor.cpp|[spin]->[execute_any_executable]|Pt-2 => end-timestamp: 1658654607936051201

|rclcpp|single_threaded_executor.cpp|[spin]->[get_next_executable]|Pt-1 => start-timestamp: 1658654607936067153

|rclcpp|single_threaded_executor.cpp|[spin]->[get_next_executable]|Pt-1 => end-timestamp: 1658654607936295587

|rclcpp|single_threaded_executor.cpp|[spin]->[get_next_executable]|Pt-1 => start-timestamp: 1658654607936320012

|rclcpp|single_threaded_executor.cpp|[spin]->[get_next_executable]|Pt-1 => end-timestamp: 1658654608435947188

|rclcpp|single_threaded_executor.cpp|[spin]->[execute_any_executable]|Pt-2 => start-timestamp: 1658654608436003907

|rclcpp|executor.cpp|[execute_any_executable]->[execute_timer]|Pt-1 => start-timestamp: 1658654608436012528

pb1_THREAD -1426590848 => Publishing '3' at 1658654608436032497

|rclcpp|executor.cpp|[execute_any_executable]->[execute_timer]|Pt-1 => end-timestamp: 1658654608436099700

|rclcpp|single_threaded_executor.cpp|[spin]->[execute_any_executable]|Pt-2 => end-timestamp: 1658654608436114559

|rclcpp|single_threaded_executor.cpp|[spin]->[get_next_executable]|Pt-1 => start-timestamp: 1658654608436134794

|rclcpp|single_threaded_executor.cpp|[spin]->[get_next_executable]|Pt-1 => end-timestamp: 1658654608436528203

|rclcpp|single_threaded_executor.cpp|[spin]->[execute_any_executable]|Pt-2 => start-timestamp: 1658654608436551999

|rclcpp|executor.cpp|[execute_any_executable]->[any_exec.waitable->execute]|Pt-3 => start-timestamp: 1658654608436560033

sb0_THREAD -1426590848 => Heard '3' at 1658654608436577288

|rclcpp|executor.cpp|[execute_any_executable]->[any_exec.waitable->execute]|Pt-3 => start-timestamp: 1658654608436589584

|rclcpp|single_threaded_executor.cpp|[spin]->[execute_any_executable]|Pt-2 => end-timestamp: 1658654608436600959

|rclcpp|single_threaded_executor.cpp|[spin]->[get_next_executable]|Pt-1 => start-timestamp: 1658654608436617019

|rclcpp|single_threaded_executor.cpp|[spin]->[get_next_executable]|Pt-1 => end-timestamp: 1658654608436857553

|rclcpp|single_threaded_executor.cpp|[spin]->[get_next_executable]|Pt-1 => start-timestamp: 1658654608436884689

|rclcpp|single_threaded_executor.cpp|[spin]->[get_next_executable]|Pt-1 => end-timestamp: 1658654608935965452

|rclcpp|single_threaded_executor.cpp|[spin]->[execute_any_executable]|Pt-2 => start-timestamp: 1658654608936048529

|rclcpp|executor.cpp|[execute_any_executable]->[execute_timer]|Pt-1 => start-timestamp: 1658654608936058035

pb1_THREAD -1426590848 => Publishing '4' at 1658654608936080008

|rclcpp|executor.cpp|[execute_any_executable]->[execute_timer]|Pt-1 => end-timestamp: 1658654608936146761

|rclcpp|single_threaded_executor.cpp|[spin]->[execute_any_executable]|Pt-2 => end-timestamp: 1658654608936161510

|rclcpp|single_threaded_executor.cpp|[spin]->[get_next_executable]|Pt-1 => start-timestamp: 1658654608936182590

|rclcpp|single_threaded_executor.cpp|[spin]->[get_next_executable]|Pt-1 => end-timestamp: 1658654608936576642

|rclcpp|single_threaded_executor.cpp|[spin]->[execute_any_executable]|Pt-2 => start-timestamp: 1658654608936600064

|rclcpp|executor.cpp|[execute_any_executable]->[any_exec.waitable->execute]|Pt-3 => start-timestamp: 1658654608936608263

sb0_THREAD -1426590848 => Heard '4' at 1658654608936626035

|rclcpp|executor.cpp|[execute_any_executable]->[any_exec.waitable->execute]|Pt-3 => start-timestamp: 1658654608936638144

|rclcpp|single_threaded_executor.cpp|[spin]->[execute_any_executable]|Pt-2 => end-timestamp: 1658654608936649988

|rclcpp|single_threaded_executor.cpp|[spin]->[get_next_executable]|Pt-1 => start-timestamp: 1658654608936666995

|rclcpp|single_threaded_executor.cpp|[spin]->[get_next_executable]|Pt-1 => end-timestamp: 1658654608936912303

|rclcpp|single_threaded_executor.cpp|[spin]->[get_next_executable]|Pt-1 => start-timestamp: 1658654608936940200

|rclcpp|single_threaded_executor.cpp|[spin]->[get_next_executable]|Pt-1 => end-timestamp: 1658654609435943755

|rclcpp|single_threaded_executor.cpp|[spin]->[execute_any_executable]|Pt-2 => start-timestamp: 1658654609435989388

|rclcpp|executor.cpp|[execute_any_executable]->[execute_timer]|Pt-1 => start-timestamp: 1658654609435996877

pb1_THREAD -1426590848 => Publishing '5' at 1658654609436014472

|rclcpp|executor.cpp|[execute_any_executable]->[execute_timer]|Pt-1 => end-timestamp: 1658654609436073118

|rclcpp|single_threaded_executor.cpp|[spin]->[execute_any_executable]|Pt-2 => end-timestamp: 1658654609436086276

|rclcpp|single_threaded_executor.cpp|[spin]->[get_next_executable]|Pt-1 => start-timestamp: 1658654609436104031

|rclcpp|single_threaded_executor.cpp|[spin]->[get_next_executable]|Pt-1 => end-timestamp: 1658654609436450014

|rclcpp|single_threaded_executor.cpp|[spin]->[execute_any_executable]|Pt-2 => start-timestamp: 1658654609436471354

|rclcpp|executor.cpp|[execute_any_executable]->[any_exec.waitable->execute]|Pt-3 => start-timestamp: 1658654609436478538

sb0_THREAD -1426590848 => Heard '5' at 1658654609436493965

|rclcpp|executor.cpp|[execute_any_executable]->[any_exec.waitable->execute]|Pt-3 => start-timestamp: 1658654609436504955

|rclcpp|single_threaded_executor.cpp|[spin]->[execute_any_executable]|Pt-2 => end-timestamp: 1658654609436514599

|rclcpp|single_threaded_executor.cpp|[spin]->[get_next_executable]|Pt-1 => start-timestamp: 1658654609436528979

|rclcpp|single_threaded_executor.cpp|[spin]->[get_next_executable]|Pt-1 => end-timestamp: 1658654609436745109

|rclcpp|single_threaded_executor.cpp|[spin]->[get_next_executable]|Pt-1 => start-timestamp: 1658654609436768430

|rclcpp|single_threaded_executor.cpp|[spin]->[get_next_executable]|Pt-1 => end-timestamp: 1658654609935987849

|rclcpp|single_threaded_executor.cpp|[spin]->[execute_any_executable]|Pt-2 => start-timestamp: 1658654609936044433

|rclcpp|executor.cpp|[execute_any_executable]->[execute_timer]|Pt-1 => start-timestamp: 1658654609936053142

pb1_THREAD -1426590848 => Publishing '6' at 1658654609936073224

|rclcpp|executor.cpp|[execute_any_executable]->[execute_timer]|Pt-1 => end-timestamp: 1658654609936139852

|rclcpp|single_threaded_executor.cpp|[spin]->[execute_any_executable]|Pt-2 => end-timestamp: 1658654609936154720

|rclcpp|single_threaded_executor.cpp|[spin]->[get_next_executable]|Pt-1 => start-timestamp: 1658654609936175501

|rclcpp|single_threaded_executor.cpp|[spin]->[get_next_executable]|Pt-1 => end-timestamp: 1658654609936567307

|rclcpp|single_threaded_executor.cpp|[spin]->[execute_any_executable]|Pt-2 => start-timestamp: 1658654609936622282

|rclcpp|executor.cpp|[execute_any_executable]->[any_exec.waitable->execute]|Pt-3 => start-timestamp: 1658654609936631116

sb0_THREAD -1426590848 => Heard '6' at 1658654609936648881

|rclcpp|executor.cpp|[execute_any_executable]->[any_exec.waitable->execute]|Pt-3 => start-timestamp: 1658654609936661212

|rclcpp|single_threaded_executor.cpp|[spin]->[execute_any_executable]|Pt-2 => end-timestamp: 1658654609936673044

|rclcpp|single_threaded_executor.cpp|[spin]->[get_next_executable]|Pt-1 => start-timestamp: 1658654609936689941

|rclcpp|single_threaded_executor.cpp|[spin]->[get_next_executable]|Pt-1 => end-timestamp: 1658654609936936483

|rclcpp|single_threaded_executor.cpp|[spin]->[get_next_executable]|Pt-1 => start-timestamp: 1658654609936963999

|rclcpp|single_threaded_executor.cpp|[spin]->[get_next_executable]|Pt-1 => end-timestamp: 1658654610435892953

|rclcpp|single_threaded_executor.cpp|[spin]->[execute_any_executable]|Pt-2 => start-timestamp: 1658654610435938774

|rclcpp|executor.cpp|[execute_any_executable]->[execute_timer]|Pt-1 => start-timestamp: 1658654610435946714

pb1_THREAD -1426590848 => Publishing '7' at 1658654610435966233

|rclcpp|executor.cpp|[execute_any_executable]->[execute_timer]|Pt-1 => end-timestamp: 1658654610436024188

|rclcpp|single_threaded_executor.cpp|[spin]->[execute_any_executable]|Pt-2 => end-timestamp: 1658654610436037437

|rclcpp|single_threaded_executor.cpp|[spin]->[get_next_executable]|Pt-1 => start-timestamp: 1658654610436056395

|rclcpp|single_threaded_executor.cpp|[spin]->[get_next_executable]|Pt-1 => end-timestamp: 1658654610436413433

|rclcpp|single_threaded_executor.cpp|[spin]->[execute_any_executable]|Pt-2 => start-timestamp: 1658654610436436407

|rclcpp|executor.cpp|[execute_any_executable]->[any_exec.waitable->execute]|Pt-3 => start-timestamp: 1658654610436444293

sb0_THREAD -1426590848 => Heard '7' at 1658654610436459788

|rclcpp|executor.cpp|[execute_any_executable]->[any_exec.waitable->execute]|Pt-3 => start-timestamp: 1658654610436470995

|rclcpp|single_threaded_executor.cpp|[spin]->[execute_any_executable]|Pt-2 => end-timestamp: 1658654610436482271

|rclcpp|single_threaded_executor.cpp|[spin]->[get_next_executable]|Pt-1 => start-timestamp: 1658654610436497836

|rclcpp|single_threaded_executor.cpp|[spin]->[get_next_executable]|Pt-1 => end-timestamp: 1658654610436715586

|rclcpp|single_threaded_executor.cpp|[spin]->[get_next_executable]|Pt-1 => start-timestamp: 1658654610436740051

|rclcpp|single_threaded_executor.cpp|[spin]->[get_next_executable]|Pt-1 => end-timestamp: 1658654610935972668

|rclcpp|single_threaded_executor.cpp|[spin]->[execute_any_executable]|Pt-2 => start-timestamp: 1658654610936026391

|rclcpp|executor.cpp|[execute_any_executable]->[execute_timer]|Pt-1 => start-timestamp: 1658654610936034127

pb1_THREAD -1426590848 => Publishing '8' at 1658654610936052358

|rclcpp|executor.cpp|[execute_any_executable]->[execute_timer]|Pt-1 => end-timestamp: 1658654610936112664

|rclcpp|single_threaded_executor.cpp|[spin]->[execute_any_executable]|Pt-2 => end-timestamp: 1658654610936125844

|rclcpp|single_threaded_executor.cpp|[spin]->[get_next_executable]|Pt-1 => start-timestamp: 1658654610936143928

|rclcpp|single_threaded_executor.cpp|[spin]->[get_next_executable]|Pt-1 => end-timestamp: 1658654610936490363

|rclcpp|single_threaded_executor.cpp|[spin]->[execute_any_executable]|Pt-2 => start-timestamp: 1658654610936510983

|rclcpp|executor.cpp|[execute_any_executable]->[any_exec.waitable->execute]|Pt-3 => start-timestamp: 1658654610936518237

sb0_THREAD -1426590848 => Heard '8' at 1658654610936533331

|rclcpp|executor.cpp|[execute_any_executable]->[any_exec.waitable->execute]|Pt-3 => start-timestamp: 1658654610936544123

|rclcpp|single_threaded_executor.cpp|[spin]->[execute_any_executable]|Pt-2 => end-timestamp: 1658654610936554271

|rclcpp|single_threaded_executor.cpp|[spin]->[get_next_executable]|Pt-1 => start-timestamp: 1658654610936568445

|rclcpp|single_threaded_executor.cpp|[spin]->[get_next_executable]|Pt-1 => end-timestamp: 1658654610936817940

|rclcpp|single_threaded_executor.cpp|[spin]->[get_next_executable]|Pt-1 => start-timestamp: 1658654610936842162

|rclcpp|single_threaded_executor.cpp|[spin]->[get_next_executable]|Pt-1 => end-timestamp: 1658654611435985110

|rclcpp|single_threaded_executor.cpp|[spin]->[execute_any_executable]|Pt-2 => start-timestamp: 1658654611436030569

|rclcpp|executor.cpp|[execute_any_executable]->[execute_timer]|Pt-1 => start-timestamp: 1658654611436038318

pb1_THREAD -1426590848 => Publishing '9' at 1658654611436057271

|rclcpp|executor.cpp|[execute_any_executable]->[execute_timer]|Pt-1 => end-timestamp: 1658654611436115995

|rclcpp|single_threaded_executor.cpp|[spin]->[execute_any_executable]|Pt-2 => end-timestamp: 1658654611436129049

|rclcpp|single_threaded_executor.cpp|[spin]->[get_next_executable]|Pt-1 => start-timestamp: 1658654611436147549

|rclcpp|single_threaded_executor.cpp|[spin]->[get_next_executable]|Pt-1 => end-timestamp: 1658654611436490254

|rclcpp|single_threaded_executor.cpp|[spin]->[execute_any_executable]|Pt-2 => start-timestamp: 1658654611436510955

|rclcpp|executor.cpp|[execute_any_executable]->[any_exec.waitable->execute]|Pt-3 => start-timestamp: 1658654611436518831

sb0_THREAD -1426590848 => Heard '9' at 1658654611436534289

|rclcpp|executor.cpp|[execute_any_executable]->[any_exec.waitable->execute]|Pt-3 => start-timestamp: 1658654611436545284

|rclcpp|single_threaded_executor.cpp|[spin]->[execute_any_executable]|Pt-2 => end-timestamp: 1658654611436556393

|rclcpp|single_threaded_executor.cpp|[spin]->[get_next_executable]|Pt-1 => start-timestamp: 1658654611436571148

|rclcpp|single_threaded_executor.cpp|[spin]->[get_next_executable]|Pt-1 => end-timestamp: 1658654611436784339

|rclcpp|single_threaded_executor.cpp|[spin]->[get_next_executable]|Pt-1 => start-timestamp: 1658654611436809152

|rclcpp|single_threaded_executor.cpp|[spin]->[get_next_executable]|Pt-1 => end-timestamp: 1658654611935996634

|rclcpp|single_threaded_executor.cpp|[spin]->[execute_any_executable]|Pt-2 => start-timestamp: 1658654611936042219

|rclcpp|executor.cpp|[execute_any_executable]->[execute_timer]|Pt-1 => start-timestamp: 1658654611936049761

pb1_THREAD -1426590848 => Publishing '10' at 1658654611936067254

|rclcpp|executor.cpp|[execute_any_executable]->[execute_timer]|Pt-1 => end-timestamp: 1658654611936125555

|rclcpp|single_threaded_executor.cpp|[spin]->[execute_any_executable]|Pt-2 => end-timestamp: 1658654611936138667

|rclcpp|single_threaded_executor.cpp|[spin]->[get_next_executable]|Pt-1 => start-timestamp: 1658654611936156871

|rclcpp|single_threaded_executor.cpp|[spin]->[get_next_executable]|Pt-1 => end-timestamp: 1658654611936504369

|rclcpp|single_threaded_executor.cpp|[spin]->[execute_any_executable]|Pt-2 => start-timestamp: 1658654611936525732

|rclcpp|executor.cpp|[execute_any_executable]->[any_exec.waitable->execute]|Pt-3 => start-timestamp: 1658654611936532899

sb0_THREAD -1426590848 => Heard '10' at 1658654611936547969

|rclcpp|executor.cpp|[execute_any_executable]->[any_exec.waitable->execute]|Pt-3 => start-timestamp: 1658654611936558739

|rclcpp|single_threaded_executor.cpp|[spin]->[execute_any_executable]|Pt-2 => end-timestamp: 1658654611936568710

|rclcpp|single_threaded_executor.cpp|[spin]->[get_next_executable]|Pt-1 => start-timestamp: 1658654611936583417

|rclcpp|single_threaded_executor.cpp|[spin]->[get_next_executable]|Pt-1 => end-timestamp: 1658654611936807781

|rclcpp|single_threaded_executor.cpp|[spin]->[get_next_executable]|Pt-1 => start-timestamp: 1658654611936831280

|rclcpp|single_threaded_executor.cpp|[spin]->[get_next_executable]|Pt-1 => end-timestamp: 1658654612436008759

|rclcpp|single_threaded_executor.cpp|[spin]->[execute_any_executable]|Pt-2 => start-timestamp: 1658654612436054252

|rclcpp|executor.cpp|[execute_any_executable]->[execute_timer]|Pt-1 => start-timestamp: 1658654612436062010

pb1_THREAD -1426590848 => Publishing '11' at 1658654612436081141

|rclcpp|executor.cpp|[execute_any_executable]->[execute_timer]|Pt-1 => end-timestamp: 1658654612436168156

|rclcpp|single_threaded_executor.cpp|[spin]->[execute_any_executable]|Pt-2 => end-timestamp: 1658654612436183120

|rclcpp|single_threaded_executor.cpp|[spin]->[get_next_executable]|Pt-1 => start-timestamp: 1658654612436202095

|rclcpp|single_threaded_executor.cpp|[spin]->[get_next_executable]|Pt-1 => end-timestamp: 1658654612436562148

|rclcpp|single_threaded_executor.cpp|[spin]->[execute_any_executable]|Pt-2 => start-timestamp: 1658654612436582987

|rclcpp|executor.cpp|[execute_any_executable]->[any_exec.waitable->execute]|Pt-3 => start-timestamp: 1658654612436590382

sb0_THREAD -1426590848 => Heard '11' at 1658654612436605757

|rclcpp|executor.cpp|[execute_any_executable]->[any_exec.waitable->execute]|Pt-3 => start-timestamp: 1658654612436616440

|rclcpp|single_threaded_executor.cpp|[spin]->[execute_any_executable]|Pt-2 => end-timestamp: 1658654612436626840

|rclcpp|single_threaded_executor.cpp|[spin]->[get_next_executable]|Pt-1 => start-timestamp: 1658654612436641155

|rclcpp|single_threaded_executor.cpp|[spin]->[get_next_executable]|Pt-1 => end-timestamp: 1658654612436851259

|rclcpp|single_threaded_executor.cpp|[spin]->[get_next_executable]|Pt-1 => start-timestamp: 1658654612436875321

|rclcpp|single_threaded_executor.cpp|[spin]->[get_next_executable]|Pt-1 => end-timestamp: 1658654612935585982

|rclcpp|single_threaded_executor.cpp|[spin]->[execute_any_executable]|Pt-2 => start-timestamp: 1658654612935637444

|rclcpp|executor.cpp|[execute_any_executable]->[execute_timer]|Pt-1 => start-timestamp: 1658654612935646099

pb1_THREAD -1426590848 => Publishing '12' at 1658654612935665950

|rclcpp|executor.cpp|[execute_any_executable]->[execute_timer]|Pt-1 => end-timestamp: 1658654612935732131

|rclcpp|single_threaded_executor.cpp|[spin]->[execute_any_executable]|Pt-2 => end-timestamp: 1658654612935747004

|rclcpp|single_threaded_executor.cpp|[spin]->[get_next_executable]|Pt-1 => start-timestamp: 1658654612935767424

|rclcpp|single_threaded_executor.cpp|[spin]->[get_next_executable]|Pt-1 => end-timestamp: 1658654612936158964

|rclcpp|single_threaded_executor.cpp|[spin]->[execute_any_executable]|Pt-2 => start-timestamp: 1658654612936183310

|rclcpp|executor.cpp|[execute_any_executable]->[any_exec.waitable->execute]|Pt-3 => start-timestamp: 1658654612936191710

sb0_THREAD -1426590848 => Heard '12' at 1658654612936237231

|rclcpp|executor.cpp|[execute_any_executable]->[any_exec.waitable->execute]|Pt-3 => start-timestamp: 1658654612936249590

|rclcpp|single_threaded_executor.cpp|[spin]->[execute_any_executable]|Pt-2 => end-timestamp: 1658654612936260558

|rclcpp|single_threaded_executor.cpp|[spin]->[get_next_executable]|Pt-1 => start-timestamp: 1658654612936276647

|rclcpp|single_threaded_executor.cpp|[spin]->[get_next_executable]|Pt-1 => end-timestamp: 1658654612936517214

|rclcpp|single_threaded_executor.cpp|[spin]->[get_next_executable]|Pt-1 => start-timestamp: 1658654612936544107

|rclcpp|single_threaded_executor.cpp|[spin]->[get_next_executable]|Pt-1 => end-timestamp: 1658654613436072261

|rclcpp|single_threaded_executor.cpp|[spin]->[execute_any_executable]|Pt-2 => start-timestamp: 1658654613436117989

|rclcpp|executor.cpp|[execute_any_executable]->[execute_timer]|Pt-1 => start-timestamp: 1658654613436126328

pb1_THREAD -1426590848 => Publishing '13' at 1658654613436143590

|rclcpp|executor.cpp|[execute_any_executable]->[execute_timer]|Pt-1 => end-timestamp: 1658654613436202647

|rclcpp|single_threaded_executor.cpp|[spin]->[execute_any_executable]|Pt-2 => end-timestamp: 1658654613436215763

|rclcpp|single_threaded_executor.cpp|[spin]->[get_next_executable]|Pt-1 => start-timestamp: 1658654613436234735

|rclcpp|single_threaded_executor.cpp|[spin]->[get_next_executable]|Pt-1 => end-timestamp: 1658654613436580660

|rclcpp|single_threaded_executor.cpp|[spin]->[execute_any_executable]|Pt-2 => start-timestamp: 1658654613436602538

|rclcpp|executor.cpp|[execute_any_executable]->[any_exec.waitable->execute]|Pt-3 => start-timestamp: 1658654613436609981

sb0_THREAD -1426590848 => Heard '13' at 1658654613436651892

|rclcpp|executor.cpp|[execute_any_executable]->[any_exec.waitable->execute]|Pt-3 => start-timestamp: 1658654613436663142

|rclcpp|single_threaded_executor.cpp|[spin]->[execute_any_executable]|Pt-2 => end-timestamp: 1658654613436674545

|rclcpp|single_threaded_executor.cpp|[spin]->[get_next_executable]|Pt-1 => start-timestamp: 1658654613436689637

|rclcpp|single_threaded_executor.cpp|[spin]->[get_next_executable]|Pt-1 => end-timestamp: 1658654613436910241

|rclcpp|single_threaded_executor.cpp|[spin]->[get_next_executable]|Pt-1 => start-timestamp: 1658654613436934281

|rclcpp|single_threaded_executor.cpp|[spin]->[get_next_executable]|Pt-1 => end-timestamp: 1658654613936050169

|rclcpp|single_threaded_executor.cpp|[spin]->[execute_any_executable]|Pt-2 => start-timestamp: 1658654613936096075

|rclcpp|executor.cpp|[execute_any_executable]->[execute_timer]|Pt-1 => start-timestamp: 1658654613936103865

pb1_THREAD -1426590848 => Publishing '14' at 1658654613936122737

|rclcpp|executor.cpp|[execute_any_executable]->[execute_timer]|Pt-1 => end-timestamp: 1658654613936180762

|rclcpp|single_threaded_executor.cpp|[spin]->[execute_any_executable]|Pt-2 => end-timestamp: 1658654613936194146

|rclcpp|single_threaded_executor.cpp|[spin]->[get_next_executable]|Pt-1 => start-timestamp: 1658654613936213215

|rclcpp|single_threaded_executor.cpp|[spin]->[get_next_executable]|Pt-1 => end-timestamp: 1658654613936557051

|rclcpp|single_threaded_executor.cpp|[spin]->[execute_any_executable]|Pt-2 => start-timestamp: 1658654613936577946

|rclcpp|executor.cpp|[execute_any_executable]->[any_exec.waitable->execute]|Pt-3 => start-timestamp: 1658654613936585435

sb0_THREAD -1426590848 => Heard '14' at 1658654613936600565

|rclcpp|executor.cpp|[execute_any_executable]->[any_exec.waitable->execute]|Pt-3 => start-timestamp: 1658654613936611254

|rclcpp|single_threaded_executor.cpp|[spin]->[execute_any_executable]|Pt-2 => end-timestamp: 1658654613936621949

|rclcpp|single_threaded_executor.cpp|[spin]->[get_next_executable]|Pt-1 => start-timestamp: 1658654613936636998

|rclcpp|single_threaded_executor.cpp|[spin]->[get_next_executable]|Pt-1 => end-timestamp: 1658654613936846237

|rclcpp|single_threaded_executor.cpp|[spin]->[get_next_executable]|Pt-1 => start-timestamp: 1658654613936869864

|rclcpp|single_threaded_executor.cpp|[spin]->[get_next_executable]|Pt-1 => end-timestamp: 1658654614435600948

|rclcpp|single_threaded_executor.cpp|[spin]->[execute_any_executable]|Pt-2 => start-timestamp: 1658654614435642094

|rclcpp|executor.cpp|[execute_any_executable]->[execute_timer]|Pt-1 => start-timestamp: 1658654614435649733

pb1_THREAD -1426590848 => Publishing '15' at 1658654614435666677

|rclcpp|executor.cpp|[execute_any_executable]->[execute_timer]|Pt-1 => end-timestamp: 1658654614435724899

|rclcpp|single_threaded_executor.cpp|[spin]->[execute_any_executable]|Pt-2 => end-timestamp: 1658654614435737356

|rclcpp|single_threaded_executor.cpp|[spin]->[get_next_executable]|Pt-1 => start-timestamp: 1658654614435755435

|rclcpp|single_threaded_executor.cpp|[spin]->[get_next_executable]|Pt-1 => end-timestamp: 1658654614436092207

|rclcpp|single_threaded_executor.cpp|[spin]->[execute_any_executable]|Pt-2 => start-timestamp: 1658654614436111632

|rclcpp|executor.cpp|[execute_any_executable]->[any_exec.waitable->execute]|Pt-3 => start-timestamp: 1658654614436118710

sb0_THREAD -1426590848 => Heard '15' at 1658654614436133616

|rclcpp|executor.cpp|[execute_any_executable]->[any_exec.waitable->execute]|Pt-3 => start-timestamp: 1658654614436144233

|rclcpp|single_threaded_executor.cpp|[spin]->[execute_any_executable]|Pt-2 => end-timestamp: 1658654614436154123

|rclcpp|single_threaded_executor.cpp|[spin]->[get_next_executable]|Pt-1 => start-timestamp: 1658654614436168463

|rclcpp|single_threaded_executor.cpp|[spin]->[get_next_executable]|Pt-1 => end-timestamp: 1658654614436374771

|rclcpp|single_threaded_executor.cpp|[spin]->[get_next_executable]|Pt-1 => start-timestamp: 1658654614436397749

|rclcpp|single_threaded_executor.cpp|[spin]->[get_next_executable]|Pt-1 => end-timestamp: 1658654614663155312
